{"C:\\Proyectos\\proyectobd2\\src\\routes.js": {"path":"C:\\Proyectos\\proyectobd2\\src\\routes.js","statementMap":{"0":{"start":{"line":10,"column":15},"end":{"line":10,"column":23}},"1":{"start":{"line":12,"column":0},"end":{"line":12,"column":32}},"2":{"start":{"line":13,"column":0},"end":{"line":13,"column":34}},"3":{"start":{"line":14,"column":0},"end":{"line":14,"column":46}},"4":{"start":{"line":15,"column":0},"end":{"line":15,"column":32}},"5":{"start":{"line":16,"column":0},"end":{"line":16,"column":47}},"6":{"start":{"line":17,"column":0},"end":{"line":17,"column":36}}},"fnMap":{},"branchMap":{},"s":{"0":14,"1":14,"2":14,"3":14,"4":14,"5":14,"6":14},"f":{},"b":{},"_coverageSchema":"1a1c01bbd47fc00a2c39e90264f33305004495a9","hash":"7ba32ce3c1d364a5e165127c164c02050cc1d6cd"}
,"C:\\Proyectos\\proyectobd2\\src\\middlewares\\authJWT.js": {"path":"C:\\Proyectos\\proyectobd2\\src\\middlewares\\authJWT.js","statementMap":{"0":{"start":{"line":14,"column":4},"end":{"line":37,"column":5}},"1":{"start":{"line":15,"column":22},"end":{"line":15,"column":62}},"2":{"start":{"line":16,"column":8},"end":{"line":18,"column":9}},"3":{"start":{"line":17,"column":12},"end":{"line":17,"column":65}},"4":{"start":{"line":20,"column":8},"end":{"line":36,"column":9}},"5":{"start":{"line":22,"column":28},"end":{"line":22,"column":69}},"6":{"start":{"line":24,"column":12},"end":{"line":26,"column":13}},"7":{"start":{"line":25,"column":16},"end":{"line":25,"column":67}},"8":{"start":{"line":28,"column":12},"end":{"line":28,"column":31}},"9":{"start":{"line":29,"column":12},"end":{"line":29,"column":19}},"10":{"start":{"line":34,"column":12},"end":{"line":34,"column":71}}},"fnMap":{"0":{"name":"auth","decl":{"start":{"line":3,"column":16},"end":{"line":3,"column":20}},"loc":{"start":{"line":3,"column":35},"end":{"line":38,"column":1}},"line":3},"1":{"name":"(anonymous_1)","decl":{"start":{"line":14,"column":11},"end":{"line":14,"column":12}},"loc":{"start":{"line":14,"column":30},"end":{"line":37,"column":5}},"line":14}},"branchMap":{"0":{"loc":{"start":{"line":16,"column":8},"end":{"line":18,"column":9}},"type":"if","locations":[{"start":{"line":16,"column":8},"end":{"line":18,"column":9}},{"start":{},"end":{}}],"line":16},"1":{"loc":{"start":{"line":24,"column":12},"end":{"line":26,"column":13}},"type":"if","locations":[{"start":{"line":24,"column":12},"end":{"line":26,"column":13}},{"start":{},"end":{}}],"line":24},"2":{"loc":{"start":{"line":24,"column":15},"end":{"line":24,"column":61}},"type":"binary-expr","locations":[{"start":{"line":24,"column":15},"end":{"line":24,"column":28}},{"start":{"line":24,"column":32},"end":{"line":24,"column":61}}],"line":24}},"s":{"0":182,"1":53,"2":53,"3":1,"4":52,"5":52,"6":51,"7":1,"8":50,"9":50,"10":1},"f":{"0":182,"1":53},"b":{"0":[1,52],"1":[1,50],"2":[51,22]},"_coverageSchema":"1a1c01bbd47fc00a2c39e90264f33305004495a9","hash":"3d6303bb47be9d51f052250a4c6057b994593b5b"}
,"C:\\Proyectos\\proyectobd2\\src\\modules\\menus\\menus.controller.js": {"path":"C:\\Proyectos\\proyectobd2\\src\\modules\\menus\\menus.controller.js","statementMap":{"0":{"start":{"line":4,"column":28},"end":{"line":23,"column":1}},"1":{"start":{"line":5,"column":2},"end":{"line":22,"column":3}},"2":{"start":{"line":6,"column":46},"end":{"line":6,"column":54}},"3":{"start":{"line":7,"column":4},"end":{"line":9,"column":5}},"4":{"start":{"line":8,"column":6},"end":{"line":8,"column":61}},"5":{"start":{"line":11,"column":24},"end":{"line":11,"column":69}},"6":{"start":{"line":12,"column":4},"end":{"line":14,"column":5}},"7":{"start":{"line":13,"column":6},"end":{"line":13,"column":70}},"8":{"start":{"line":16,"column":18},"end":{"line":16,"column":73}},"9":{"start":{"line":17,"column":4},"end":{"line":17,"column":73}},"10":{"start":{"line":20,"column":4},"end":{"line":20,"column":23}},"11":{"start":{"line":21,"column":4},"end":{"line":21,"column":64}},"12":{"start":{"line":25,"column":26},"end":{"line":33,"column":1}},"13":{"start":{"line":26,"column":2},"end":{"line":32,"column":3}},"14":{"start":{"line":27,"column":17},"end":{"line":27,"column":54}},"15":{"start":{"line":28,"column":4},"end":{"line":28,"column":67}},"16":{"start":{"line":28,"column":15},"end":{"line":28,"column":67}},"17":{"start":{"line":29,"column":4},"end":{"line":29,"column":38}},"18":{"start":{"line":31,"column":4},"end":{"line":31,"column":64}},"19":{"start":{"line":35,"column":30},"end":{"line":43,"column":1}},"20":{"start":{"line":36,"column":2},"end":{"line":42,"column":3}},"21":{"start":{"line":37,"column":17},"end":{"line":37,"column":62}},"22":{"start":{"line":38,"column":4},"end":{"line":38,"column":67}},"23":{"start":{"line":38,"column":15},"end":{"line":38,"column":67}},"24":{"start":{"line":39,"column":4},"end":{"line":39,"column":62}},"25":{"start":{"line":41,"column":4},"end":{"line":41,"column":64}},"26":{"start":{"line":45,"column":26},"end":{"line":53,"column":1}},"27":{"start":{"line":46,"column":2},"end":{"line":52,"column":3}},"28":{"start":{"line":47,"column":17},"end":{"line":47,"column":52}},"29":{"start":{"line":48,"column":4},"end":{"line":48,"column":67}},"30":{"start":{"line":48,"column":15},"end":{"line":48,"column":67}},"31":{"start":{"line":49,"column":4},"end":{"line":49,"column":54}},"32":{"start":{"line":51,"column":4},"end":{"line":51,"column":64}}},"fnMap":{"0":{"name":"(anonymous_0)","decl":{"start":{"line":4,"column":28},"end":{"line":4,"column":29}},"loc":{"start":{"line":4,"column":48},"end":{"line":23,"column":1}},"line":4},"1":{"name":"(anonymous_1)","decl":{"start":{"line":25,"column":26},"end":{"line":25,"column":27}},"loc":{"start":{"line":25,"column":46},"end":{"line":33,"column":1}},"line":25},"2":{"name":"(anonymous_2)","decl":{"start":{"line":35,"column":30},"end":{"line":35,"column":31}},"loc":{"start":{"line":35,"column":50},"end":{"line":43,"column":1}},"line":35},"3":{"name":"(anonymous_3)","decl":{"start":{"line":45,"column":26},"end":{"line":45,"column":27}},"loc":{"start":{"line":45,"column":46},"end":{"line":53,"column":1}},"line":45}},"branchMap":{"0":{"loc":{"start":{"line":7,"column":4},"end":{"line":9,"column":5}},"type":"if","locations":[{"start":{"line":7,"column":4},"end":{"line":9,"column":5}},{"start":{},"end":{}}],"line":7},"1":{"loc":{"start":{"line":7,"column":8},"end":{"line":7,"column":31}},"type":"binary-expr","locations":[{"start":{"line":7,"column":8},"end":{"line":7,"column":14}},{"start":{"line":7,"column":18},"end":{"line":7,"column":31}}],"line":7},"2":{"loc":{"start":{"line":12,"column":4},"end":{"line":14,"column":5}},"type":"if","locations":[{"start":{"line":12,"column":4},"end":{"line":14,"column":5}},{"start":{},"end":{}}],"line":12},"3":{"loc":{"start":{"line":28,"column":4},"end":{"line":28,"column":67}},"type":"if","locations":[{"start":{"line":28,"column":4},"end":{"line":28,"column":67}},{"start":{},"end":{}}],"line":28},"4":{"loc":{"start":{"line":38,"column":4},"end":{"line":38,"column":67}},"type":"if","locations":[{"start":{"line":38,"column":4},"end":{"line":38,"column":67}},{"start":{},"end":{}}],"line":38},"5":{"loc":{"start":{"line":48,"column":4},"end":{"line":48,"column":67}},"type":"if","locations":[{"start":{"line":48,"column":4},"end":{"line":48,"column":67}},{"start":{},"end":{}}],"line":48}},"s":{"0":14,"1":4,"2":4,"3":4,"4":1,"5":3,"6":3,"7":1,"8":2,"9":1,"10":1,"11":1,"12":14,"13":3,"14":3,"15":2,"16":1,"17":1,"18":1,"19":14,"20":3,"21":3,"22":2,"23":1,"24":1,"25":1,"26":14,"27":3,"28":3,"29":2,"30":1,"31":1,"32":1},"f":{"0":4,"1":3,"2":3,"3":3},"b":{"0":[1,3],"1":[4,3],"2":[1,2],"3":[1,1],"4":[1,1],"5":[1,1]},"_coverageSchema":"1a1c01bbd47fc00a2c39e90264f33305004495a9","hash":"7d0795ae8b68fd7e886e31c205ca476f18fc6133"}
,"C:\\Proyectos\\proyectobd2\\src\\modules\\menus\\menus.routes.js": {"path":"C:\\Proyectos\\proyectobd2\\src\\modules\\menus\\menus.routes.js","statementMap":{"0":{"start":{"line":5,"column":15},"end":{"line":5,"column":23}},"1":{"start":{"line":7,"column":0},"end":{"line":7,"column":46}},"2":{"start":{"line":8,"column":0},"end":{"line":8,"column":46}},"3":{"start":{"line":9,"column":0},"end":{"line":9,"column":50}},"4":{"start":{"line":10,"column":0},"end":{"line":10,"column":49}}},"fnMap":{},"branchMap":{},"s":{"0":14,"1":14,"2":14,"3":14,"4":14},"f":{},"b":{},"_coverageSchema":"1a1c01bbd47fc00a2c39e90264f33305004495a9","hash":"f194371860b87f58159c0ea29b2bf6c39e3e62c3"}
,"C:\\Proyectos\\proyectobd2\\src\\modules\\orders\\orders.controller.js": {"path":"C:\\Proyectos\\proyectobd2\\src\\modules\\orders\\orders.controller.js","statementMap":{"0":{"start":{"line":3,"column":27},"end":{"line":35,"column":1}},"1":{"start":{"line":4,"column":42},"end":{"line":4,"column":50}},"2":{"start":{"line":6,"column":2},"end":{"line":8,"column":3}},"3":{"start":{"line":7,"column":4},"end":{"line":7,"column":59}},"4":{"start":{"line":10,"column":2},"end":{"line":34,"column":3}},"5":{"start":{"line":11,"column":17},"end":{"line":11,"column":51}},"6":{"start":{"line":12,"column":4},"end":{"line":12,"column":76}},"7":{"start":{"line":12,"column":15},"end":{"line":12,"column":76}},"8":{"start":{"line":14,"column":23},"end":{"line":14,"column":69}},"9":{"start":{"line":15,"column":4},"end":{"line":15,"column":89}},"10":{"start":{"line":15,"column":21},"end":{"line":15,"column":89}},"11":{"start":{"line":17,"column":4},"end":{"line":21,"column":5}},"12":{"start":{"line":18,"column":6},"end":{"line":20,"column":67}},"13":{"start":{"line":23,"column":18},"end":{"line":28,"column":6}},"14":{"start":{"line":30,"column":4},"end":{"line":30,"column":78}},"15":{"start":{"line":32,"column":4},"end":{"line":32,"column":23}},"16":{"start":{"line":33,"column":4},"end":{"line":33,"column":85}},"17":{"start":{"line":37,"column":28},"end":{"line":54,"column":1}},"18":{"start":{"line":38,"column":2},"end":{"line":53,"column":3}},"19":{"start":{"line":39,"column":18},"end":{"line":39,"column":56}},"20":{"start":{"line":40,"column":4},"end":{"line":40,"column":77}},"21":{"start":{"line":40,"column":16},"end":{"line":40,"column":77}},"22":{"start":{"line":42,"column":20},"end":{"line":42,"column":64}},"23":{"start":{"line":43,"column":20},"end":{"line":43,"column":45}},"24":{"start":{"line":45,"column":4},"end":{"line":47,"column":5}},"25":{"start":{"line":46,"column":6},"end":{"line":46,"column":81}},"26":{"start":{"line":49,"column":4},"end":{"line":49,"column":39}},"27":{"start":{"line":51,"column":4},"end":{"line":51,"column":23}},"28":{"start":{"line":52,"column":4},"end":{"line":52,"column":85}}},"fnMap":{"0":{"name":"(anonymous_0)","decl":{"start":{"line":3,"column":27},"end":{"line":3,"column":28}},"loc":{"start":{"line":3,"column":47},"end":{"line":35,"column":1}},"line":3},"1":{"name":"(anonymous_1)","decl":{"start":{"line":37,"column":28},"end":{"line":37,"column":29}},"loc":{"start":{"line":37,"column":48},"end":{"line":54,"column":1}},"line":37}},"branchMap":{"0":{"loc":{"start":{"line":6,"column":2},"end":{"line":8,"column":3}},"type":"if","locations":[{"start":{"line":6,"column":2},"end":{"line":8,"column":3}},{"start":{},"end":{}}],"line":6},"1":{"loc":{"start":{"line":6,"column":6},"end":{"line":6,"column":40}},"type":"binary-expr","locations":[{"start":{"line":6,"column":6},"end":{"line":6,"column":13}},{"start":{"line":6,"column":17},"end":{"line":6,"column":23}},{"start":{"line":6,"column":27},"end":{"line":6,"column":40}}],"line":6},"2":{"loc":{"start":{"line":12,"column":4},"end":{"line":12,"column":76}},"type":"if","locations":[{"start":{"line":12,"column":4},"end":{"line":12,"column":76}},{"start":{},"end":{}}],"line":12},"3":{"loc":{"start":{"line":15,"column":4},"end":{"line":15,"column":89}},"type":"if","locations":[{"start":{"line":15,"column":4},"end":{"line":15,"column":89}},{"start":{},"end":{}}],"line":15},"4":{"loc":{"start":{"line":17,"column":4},"end":{"line":21,"column":5}},"type":"if","locations":[{"start":{"line":17,"column":4},"end":{"line":21,"column":5}},{"start":{},"end":{}}],"line":17},"5":{"loc":{"start":{"line":40,"column":4},"end":{"line":40,"column":77}},"type":"if","locations":[{"start":{"line":40,"column":4},"end":{"line":40,"column":77}},{"start":{},"end":{}}],"line":40},"6":{"loc":{"start":{"line":45,"column":4},"end":{"line":47,"column":5}},"type":"if","locations":[{"start":{"line":45,"column":4},"end":{"line":47,"column":5}},{"start":{},"end":{}}],"line":45},"7":{"loc":{"start":{"line":45,"column":8},"end":{"line":45,"column":28}},"type":"binary-expr","locations":[{"start":{"line":45,"column":8},"end":{"line":45,"column":16}},{"start":{"line":45,"column":20},"end":{"line":45,"column":28}}],"line":45}},"s":{"0":14,"1":6,"2":6,"3":1,"4":5,"5":5,"6":5,"7":1,"8":4,"9":4,"10":1,"11":3,"12":1,"13":2,"14":1,"15":1,"16":1,"17":14,"18":4,"19":4,"20":3,"21":1,"22":2,"23":2,"24":2,"25":1,"26":1,"27":1,"28":1},"f":{"0":6,"1":4},"b":{"0":[1,5],"1":[6,5,5],"2":[1,4],"3":[1,3],"4":[1,2],"5":[1,2],"6":[1,1],"7":[2,2]},"_coverageSchema":"1a1c01bbd47fc00a2c39e90264f33305004495a9","hash":"e080be99b79fe947792aaed525a9d3afedf8e5ac"}
,"C:\\Proyectos\\proyectobd2\\src\\modules\\orders\\orders.routes.js": {"path":"C:\\Proyectos\\proyectobd2\\src\\modules\\orders\\orders.routes.js","statementMap":{"0":{"start":{"line":5,"column":15},"end":{"line":5,"column":23}},"1":{"start":{"line":7,"column":0},"end":{"line":7,"column":38}},"2":{"start":{"line":8,"column":0},"end":{"line":8,"column":41}}},"fnMap":{},"branchMap":{},"s":{"0":14,"1":14,"2":14},"f":{},"b":{},"_coverageSchema":"1a1c01bbd47fc00a2c39e90264f33305004495a9","hash":"4d72b13cccff89768b6c560cb2e821e7aad65e5d"}
,"C:\\Proyectos\\proyectobd2\\src\\modules\\reservations\\reservations.controller.js": {"path":"C:\\Proyectos\\proyectobd2\\src\\modules\\reservations\\reservations.controller.js","statementMap":{"0":{"start":{"line":3,"column":30},"end":{"line":33,"column":1}},"1":{"start":{"line":4,"column":55},"end":{"line":4,"column":63}},"2":{"start":{"line":6,"column":2},"end":{"line":8,"column":3}},"3":{"start":{"line":7,"column":4},"end":{"line":7,"column":70}},"4":{"start":{"line":10,"column":2},"end":{"line":32,"column":3}},"5":{"start":{"line":11,"column":23},"end":{"line":11,"column":75}},"6":{"start":{"line":12,"column":4},"end":{"line":14,"column":5}},"7":{"start":{"line":13,"column":6},"end":{"line":13,"column":73}},"8":{"start":{"line":16,"column":24},"end":{"line":23,"column":6}},"9":{"start":{"line":25,"column":4},"end":{"line":28,"column":7}},"10":{"start":{"line":30,"column":4},"end":{"line":30,"column":23}},"11":{"start":{"line":31,"column":4},"end":{"line":31,"column":74}},"12":{"start":{"line":35,"column":33},"end":{"line":59,"column":1}},"13":{"start":{"line":36,"column":2},"end":{"line":58,"column":3}},"14":{"start":{"line":37,"column":24},"end":{"line":37,"column":68}},"15":{"start":{"line":38,"column":4},"end":{"line":40,"column":5}},"16":{"start":{"line":39,"column":6},"end":{"line":39,"column":73}},"17":{"start":{"line":42,"column":20},"end":{"line":42,"column":70}},"18":{"start":{"line":43,"column":20},"end":{"line":43,"column":45}},"19":{"start":{"line":45,"column":4},"end":{"line":49,"column":5}},"20":{"start":{"line":46,"column":6},"end":{"line":48,"column":68}},"21":{"start":{"line":51,"column":20},"end":{"line":51,"column":62}},"22":{"start":{"line":52,"column":4},"end":{"line":54,"column":68}},"23":{"start":{"line":56,"column":4},"end":{"line":56,"column":23}},"24":{"start":{"line":57,"column":4},"end":{"line":57,"column":74}}},"fnMap":{"0":{"name":"(anonymous_0)","decl":{"start":{"line":3,"column":30},"end":{"line":3,"column":31}},"loc":{"start":{"line":3,"column":50},"end":{"line":33,"column":1}},"line":3},"1":{"name":"(anonymous_1)","decl":{"start":{"line":35,"column":33},"end":{"line":35,"column":34}},"loc":{"start":{"line":35,"column":53},"end":{"line":59,"column":1}},"line":35}},"branchMap":{"0":{"loc":{"start":{"line":6,"column":2},"end":{"line":8,"column":3}},"type":"if","locations":[{"start":{"line":6,"column":2},"end":{"line":8,"column":3}},{"start":{},"end":{}}],"line":6},"1":{"loc":{"start":{"line":6,"column":6},"end":{"line":6,"column":48}},"type":"binary-expr","locations":[{"start":{"line":6,"column":6},"end":{"line":6,"column":11}},{"start":{"line":6,"column":15},"end":{"line":6,"column":20}},{"start":{"line":6,"column":24},"end":{"line":6,"column":31}},{"start":{"line":6,"column":35},"end":{"line":6,"column":48}}],"line":6},"2":{"loc":{"start":{"line":12,"column":4},"end":{"line":14,"column":5}},"type":"if","locations":[{"start":{"line":12,"column":4},"end":{"line":14,"column":5}},{"start":{},"end":{}}],"line":12},"3":{"loc":{"start":{"line":38,"column":4},"end":{"line":40,"column":5}},"type":"if","locations":[{"start":{"line":38,"column":4},"end":{"line":40,"column":5}},{"start":{},"end":{}}],"line":38},"4":{"loc":{"start":{"line":45,"column":4},"end":{"line":49,"column":5}},"type":"if","locations":[{"start":{"line":45,"column":4},"end":{"line":49,"column":5}},{"start":{},"end":{}}],"line":45},"5":{"loc":{"start":{"line":45,"column":8},"end":{"line":45,"column":28}},"type":"binary-expr","locations":[{"start":{"line":45,"column":8},"end":{"line":45,"column":16}},{"start":{"line":45,"column":20},"end":{"line":45,"column":28}}],"line":45}},"s":{"0":14,"1":4,"2":4,"3":1,"4":3,"5":3,"6":3,"7":1,"8":2,"9":1,"10":1,"11":1,"12":14,"13":4,"14":4,"15":4,"16":1,"17":3,"18":3,"19":3,"20":1,"21":2,"22":1,"23":1,"24":1},"f":{"0":4,"1":4},"b":{"0":[1,3],"1":[4,3,3,3],"2":[1,2],"3":[1,3],"4":[1,2],"5":[3,3]},"_coverageSchema":"1a1c01bbd47fc00a2c39e90264f33305004495a9","hash":"efdde742b73235e76a6cd07ae33ea6ca7cf30b12"}
,"C:\\Proyectos\\proyectobd2\\src\\modules\\reservations\\reservations.routes.js": {"path":"C:\\Proyectos\\proyectobd2\\src\\modules\\reservations\\reservations.routes.js","statementMap":{"0":{"start":{"line":5,"column":15},"end":{"line":5,"column":23}},"1":{"start":{"line":7,"column":0},"end":{"line":7,"column":41}},"2":{"start":{"line":8,"column":0},"end":{"line":8,"column":48}}},"fnMap":{},"branchMap":{},"s":{"0":14,"1":14,"2":14},"f":{},"b":{},"_coverageSchema":"1a1c01bbd47fc00a2c39e90264f33305004495a9","hash":"6b28465eff17f24c87e250f366d5117fc2dd5c6e"}
,"C:\\Proyectos\\proyectobd2\\src\\modules\\restaurants\\restaurants.controller.js": {"path":"C:\\Proyectos\\proyectobd2\\src\\modules\\restaurants\\restaurants.controller.js","statementMap":{"0":{"start":{"line":3,"column":35},"end":{"line":22,"column":1}},"1":{"start":{"line":5,"column":46},"end":{"line":5,"column":54}},"2":{"start":{"line":7,"column":4},"end":{"line":9,"column":5}},"3":{"start":{"line":8,"column":8},"end":{"line":8,"column":91}},"4":{"start":{"line":11,"column":4},"end":{"line":20,"column":5}},"5":{"start":{"line":13,"column":22},"end":{"line":13,"column":82}},"6":{"start":{"line":14,"column":8},"end":{"line":14,"column":91}},"7":{"start":{"line":18,"column":8},"end":{"line":18,"column":86}},"8":{"start":{"line":24,"column":31},"end":{"line":33,"column":1}},"9":{"start":{"line":25,"column":4},"end":{"line":32,"column":5}},"10":{"start":{"line":27,"column":29},"end":{"line":27,"column":68}},"11":{"start":{"line":28,"column":8},"end":{"line":28,"column":50}},"12":{"start":{"line":31,"column":8},"end":{"line":31,"column":81}}},"fnMap":{"0":{"name":"(anonymous_0)","decl":{"start":{"line":3,"column":35},"end":{"line":3,"column":36}},"loc":{"start":{"line":3,"column":55},"end":{"line":22,"column":1}},"line":3},"1":{"name":"(anonymous_1)","decl":{"start":{"line":24,"column":31},"end":{"line":24,"column":32}},"loc":{"start":{"line":24,"column":51},"end":{"line":33,"column":1}},"line":24}},"branchMap":{"0":{"loc":{"start":{"line":7,"column":4},"end":{"line":9,"column":5}},"type":"if","locations":[{"start":{"line":7,"column":4},"end":{"line":9,"column":5}},{"start":{},"end":{}}],"line":7},"1":{"loc":{"start":{"line":7,"column":7},"end":{"line":7,"column":34}},"type":"binary-expr","locations":[{"start":{"line":7,"column":7},"end":{"line":7,"column":12}},{"start":{"line":7,"column":16},"end":{"line":7,"column":24}},{"start":{"line":7,"column":28},"end":{"line":7,"column":34}}],"line":7}},"s":{"0":14,"1":3,"2":3,"3":1,"4":2,"5":2,"6":1,"7":1,"8":14,"9":2,"10":2,"11":1,"12":1},"f":{"0":3,"1":2},"b":{"0":[1,2],"1":[3,3,2]},"_coverageSchema":"1a1c01bbd47fc00a2c39e90264f33305004495a9","hash":"77a21eaefd70640f50a06be11a3954b777b1a119"}
,"C:\\Proyectos\\proyectobd2\\src\\modules\\restaurants\\restaurants.routes.js": {"path":"C:\\Proyectos\\proyectobd2\\src\\modules\\restaurants\\restaurants.routes.js","statementMap":{"0":{"start":{"line":5,"column":15},"end":{"line":5,"column":23}},"1":{"start":{"line":7,"column":0},"end":{"line":7,"column":53}},"2":{"start":{"line":8,"column":0},"end":{"line":8,"column":48}}},"fnMap":{},"branchMap":{},"s":{"0":14,"1":14,"2":14},"f":{},"b":{},"_coverageSchema":"1a1c01bbd47fc00a2c39e90264f33305004495a9","hash":"cd3080cbd5fabdd0f8175099fbcf7a1ee668683e"}
,"C:\\Proyectos\\proyectobd2\\src\\modules\\users\\auth.controller.js": {"path":"C:\\Proyectos\\proyectobd2\\src\\modules\\users\\auth.controller.js","statementMap":{"0":{"start":{"line":5,"column":28},"end":{"line":24,"column":1}},"1":{"start":{"line":6,"column":36},"end":{"line":6,"column":44}},"2":{"start":{"line":8,"column":2},"end":{"line":10,"column":3}},"3":{"start":{"line":9,"column":4},"end":{"line":9,"column":73}},"4":{"start":{"line":12,"column":2},"end":{"line":23,"column":5}},"5":{"start":{"line":13,"column":27},"end":{"line":13,"column":58}},"6":{"start":{"line":14,"column":17},"end":{"line":14,"column":80}},"7":{"start":{"line":16,"column":4},"end":{"line":16,"column":90}},"8":{"start":{"line":18,"column":4},"end":{"line":20,"column":5}},"9":{"start":{"line":19,"column":6},"end":{"line":19,"column":69}},"10":{"start":{"line":21,"column":6},"end":{"line":21,"column":25}},"11":{"start":{"line":22,"column":6},"end":{"line":22,"column":78}},"12":{"start":{"line":26,"column":25},"end":{"line":55,"column":1}},"13":{"start":{"line":27,"column":30},"end":{"line":27,"column":38}},"14":{"start":{"line":29,"column":2},"end":{"line":33,"column":3}},"15":{"start":{"line":30,"column":4},"end":{"line":32,"column":60}},"16":{"start":{"line":35,"column":2},"end":{"line":54,"column":3}},"17":{"start":{"line":36,"column":20},"end":{"line":36,"column":52}},"18":{"start":{"line":37,"column":4},"end":{"line":39,"column":5}},"19":{"start":{"line":38,"column":6},"end":{"line":38,"column":66}},"20":{"start":{"line":41,"column":18},"end":{"line":41,"column":66}},"21":{"start":{"line":42,"column":4},"end":{"line":44,"column":5}},"22":{"start":{"line":43,"column":6},"end":{"line":43,"column":66}},"23":{"start":{"line":46,"column":20},"end":{"line":46,"column":80}},"24":{"start":{"line":47,"column":18},"end":{"line":49,"column":6}},"25":{"start":{"line":51,"column":4},"end":{"line":51,"column":31}},"26":{"start":{"line":53,"column":4},"end":{"line":53,"column":80}}},"fnMap":{"0":{"name":"(anonymous_0)","decl":{"start":{"line":5,"column":28},"end":{"line":5,"column":29}},"loc":{"start":{"line":5,"column":48},"end":{"line":24,"column":1}},"line":5},"1":{"name":"(anonymous_1)","decl":{"start":{"line":26,"column":25},"end":{"line":26,"column":26}},"loc":{"start":{"line":26,"column":45},"end":{"line":55,"column":1}},"line":26}},"branchMap":{"0":{"loc":{"start":{"line":8,"column":2},"end":{"line":10,"column":3}},"type":"if","locations":[{"start":{"line":8,"column":2},"end":{"line":10,"column":3}},{"start":{},"end":{}}],"line":8},"1":{"loc":{"start":{"line":8,"column":6},"end":{"line":8,"column":34}},"type":"binary-expr","locations":[{"start":{"line":8,"column":6},"end":{"line":8,"column":12}},{"start":{"line":8,"column":16},"end":{"line":8,"column":25}},{"start":{"line":8,"column":29},"end":{"line":8,"column":34}}],"line":8},"2":{"loc":{"start":{"line":18,"column":4},"end":{"line":20,"column":5}},"type":"if","locations":[{"start":{"line":18,"column":4},"end":{"line":20,"column":5}},{"start":{},"end":{}}],"line":18},"3":{"loc":{"start":{"line":18,"column":8},"end":{"line":18,"column":75}},"type":"binary-expr","locations":[{"start":{"line":18,"column":8},"end":{"line":18,"column":26}},{"start":{"line":18,"column":30},"end":{"line":18,"column":75}}],"line":18},"4":{"loc":{"start":{"line":29,"column":2},"end":{"line":33,"column":3}},"type":"if","locations":[{"start":{"line":29,"column":2},"end":{"line":33,"column":3}},{"start":{},"end":{}}],"line":29},"5":{"loc":{"start":{"line":29,"column":6},"end":{"line":29,"column":25}},"type":"binary-expr","locations":[{"start":{"line":29,"column":6},"end":{"line":29,"column":12}},{"start":{"line":29,"column":16},"end":{"line":29,"column":25}}],"line":29},"6":{"loc":{"start":{"line":37,"column":4},"end":{"line":39,"column":5}},"type":"if","locations":[{"start":{"line":37,"column":4},"end":{"line":39,"column":5}},{"start":{},"end":{}}],"line":37},"7":{"loc":{"start":{"line":42,"column":4},"end":{"line":44,"column":5}},"type":"if","locations":[{"start":{"line":42,"column":4},"end":{"line":44,"column":5}},{"start":{},"end":{}}],"line":42}},"s":{"0":14,"1":4,"2":4,"3":1,"4":3,"5":3,"6":3,"7":1,"8":2,"9":1,"10":1,"11":1,"12":14,"13":7,"14":7,"15":2,"16":5,"17":5,"18":4,"19":1,"20":3,"21":2,"22":1,"23":1,"24":1,"25":1,"26":2},"f":{"0":4,"1":7},"b":{"0":[1,3],"1":[4,4,3],"2":[1,1],"3":[2,1],"4":[2,5],"5":[7,7],"6":[1,3],"7":[1,1]},"_coverageSchema":"1a1c01bbd47fc00a2c39e90264f33305004495a9","hash":"3bb93a14600980f00eea118a0de0c53a4a659b2b"}
,"C:\\Proyectos\\proyectobd2\\src\\modules\\users\\auth.routes.js": {"path":"C:\\Proyectos\\proyectobd2\\src\\modules\\users\\auth.routes.js","statementMap":{"0":{"start":{"line":5,"column":15},"end":{"line":5,"column":23}},"1":{"start":{"line":7,"column":0},"end":{"line":7,"column":39}},"2":{"start":{"line":8,"column":0},"end":{"line":8,"column":33}}},"fnMap":{},"branchMap":{},"s":{"0":14,"1":14,"2":14},"f":{},"b":{},"_coverageSchema":"1a1c01bbd47fc00a2c39e90264f33305004495a9","hash":"5cdd4f0542d4ede167de4caa5e17edfb08aa3ceb"}
,"C:\\Proyectos\\proyectobd2\\src\\modules\\users\\users.controller.js": {"path":"C:\\Proyectos\\proyectobd2\\src\\modules\\users\\users.controller.js","statementMap":{"0":{"start":{"line":4,"column":22},"end":{"line":19,"column":1}},"1":{"start":{"line":5,"column":2},"end":{"line":18,"column":3}},"2":{"start":{"line":6,"column":20},"end":{"line":6,"column":55}},"3":{"start":{"line":7,"column":4},"end":{"line":9,"column":5}},"4":{"start":{"line":8,"column":6},"end":{"line":8,"column":70}},"5":{"start":{"line":11,"column":4},"end":{"line":15,"column":7}},"6":{"start":{"line":17,"column":4},"end":{"line":17,"column":67}},"7":{"start":{"line":21,"column":28},"end":{"line":55,"column":1}},"8":{"start":{"line":22,"column":17},"end":{"line":22,"column":27}},"9":{"start":{"line":23,"column":36},"end":{"line":23,"column":44}},"10":{"start":{"line":25,"column":2},"end":{"line":54,"column":3}},"11":{"start":{"line":26,"column":17},"end":{"line":26,"column":43}},"12":{"start":{"line":27,"column":4},"end":{"line":27,"column":79}},"13":{"start":{"line":27,"column":15},"end":{"line":27,"column":79}},"14":{"start":{"line":29,"column":4},"end":{"line":31,"column":5}},"15":{"start":{"line":30,"column":6},"end":{"line":30,"column":79}},"16":{"start":{"line":33,"column":20},"end":{"line":33,"column":22}},"17":{"start":{"line":34,"column":4},"end":{"line":34,"column":37}},"18":{"start":{"line":34,"column":15},"end":{"line":34,"column":37}},"19":{"start":{"line":35,"column":4},"end":{"line":35,"column":34}},"20":{"start":{"line":35,"column":14},"end":{"line":35,"column":34}},"21":{"start":{"line":36,"column":4},"end":{"line":36,"column":69}},"22":{"start":{"line":36,"column":18},"end":{"line":36,"column":69}},"23":{"start":{"line":38,"column":24},"end":{"line":38,"column":57}},"24":{"start":{"line":40,"column":4},"end":{"line":47,"column":7}},"25":{"start":{"line":49,"column":4},"end":{"line":51,"column":5}},"26":{"start":{"line":50,"column":6},"end":{"line":50,"column":77}},"27":{"start":{"line":52,"column":4},"end":{"line":52,"column":23}},"28":{"start":{"line":53,"column":4},"end":{"line":53,"column":67}},"29":{"start":{"line":57,"column":26},"end":{"line":66,"column":1}},"30":{"start":{"line":58,"column":2},"end":{"line":65,"column":3}},"31":{"start":{"line":59,"column":20},"end":{"line":59,"column":55}},"32":{"start":{"line":60,"column":4},"end":{"line":60,"column":78}},"33":{"start":{"line":60,"column":18},"end":{"line":60,"column":78}},"34":{"start":{"line":62,"column":4},"end":{"line":62,"column":76}},"35":{"start":{"line":64,"column":4},"end":{"line":64,"column":67}}},"fnMap":{"0":{"name":"(anonymous_0)","decl":{"start":{"line":4,"column":22},"end":{"line":4,"column":23}},"loc":{"start":{"line":4,"column":42},"end":{"line":19,"column":1}},"line":4},"1":{"name":"(anonymous_1)","decl":{"start":{"line":21,"column":28},"end":{"line":21,"column":29}},"loc":{"start":{"line":21,"column":48},"end":{"line":55,"column":1}},"line":21},"2":{"name":"(anonymous_2)","decl":{"start":{"line":57,"column":26},"end":{"line":57,"column":27}},"loc":{"start":{"line":57,"column":46},"end":{"line":66,"column":1}},"line":57}},"branchMap":{"0":{"loc":{"start":{"line":7,"column":4},"end":{"line":9,"column":5}},"type":"if","locations":[{"start":{"line":7,"column":4},"end":{"line":9,"column":5}},{"start":{},"end":{}}],"line":7},"1":{"loc":{"start":{"line":27,"column":4},"end":{"line":27,"column":79}},"type":"if","locations":[{"start":{"line":27,"column":4},"end":{"line":27,"column":79}},{"start":{},"end":{}}],"line":27},"2":{"loc":{"start":{"line":29,"column":4},"end":{"line":31,"column":5}},"type":"if","locations":[{"start":{"line":29,"column":4},"end":{"line":31,"column":5}},{"start":{},"end":{}}],"line":29},"3":{"loc":{"start":{"line":29,"column":8},"end":{"line":29,"column":41}},"type":"binary-expr","locations":[{"start":{"line":29,"column":8},"end":{"line":29,"column":12}},{"start":{"line":29,"column":16},"end":{"line":29,"column":41}}],"line":29},"4":{"loc":{"start":{"line":34,"column":4},"end":{"line":34,"column":37}},"type":"if","locations":[{"start":{"line":34,"column":4},"end":{"line":34,"column":37}},{"start":{},"end":{}}],"line":34},"5":{"loc":{"start":{"line":35,"column":4},"end":{"line":35,"column":34}},"type":"if","locations":[{"start":{"line":35,"column":4},"end":{"line":35,"column":34}},{"start":{},"end":{}}],"line":35},"6":{"loc":{"start":{"line":36,"column":4},"end":{"line":36,"column":69}},"type":"if","locations":[{"start":{"line":36,"column":4},"end":{"line":36,"column":69}},{"start":{},"end":{}}],"line":36},"7":{"loc":{"start":{"line":49,"column":4},"end":{"line":51,"column":5}},"type":"if","locations":[{"start":{"line":49,"column":4},"end":{"line":51,"column":5}},{"start":{},"end":{}}],"line":49},"8":{"loc":{"start":{"line":49,"column":8},"end":{"line":49,"column":75}},"type":"binary-expr","locations":[{"start":{"line":49,"column":8},"end":{"line":49,"column":26}},{"start":{"line":49,"column":30},"end":{"line":49,"column":75}}],"line":49},"9":{"loc":{"start":{"line":60,"column":4},"end":{"line":60,"column":78}},"type":"if","locations":[{"start":{"line":60,"column":4},"end":{"line":60,"column":78}},{"start":{},"end":{}}],"line":60}},"s":{"0":14,"1":3,"2":3,"3":2,"4":1,"5":1,"6":1,"7":14,"8":8,"9":8,"10":8,"11":8,"12":7,"13":1,"14":6,"15":1,"16":5,"17":5,"18":3,"19":5,"20":1,"21":5,"22":1,"23":5,"24":3,"25":3,"26":1,"27":2,"28":2,"29":14,"30":3,"31":3,"32":2,"33":1,"34":1,"35":1},"f":{"0":3,"1":8,"2":3},"b":{"0":[1,1],"1":[1,6],"2":[1,5],"3":[6,2],"4":[3,2],"5":[1,4],"6":[1,4],"7":[1,2],"8":[3,2],"9":[1,1]},"_coverageSchema":"1a1c01bbd47fc00a2c39e90264f33305004495a9","hash":"c1cee189de23fe4837b1a471eca855710eb22621"}
,"C:\\Proyectos\\proyectobd2\\src\\modules\\users\\users.routes.js": {"path":"C:\\Proyectos\\proyectobd2\\src\\modules\\users\\users.routes.js","statementMap":{"0":{"start":{"line":5,"column":15},"end":{"line":5,"column":23}},"1":{"start":{"line":7,"column":0},"end":{"line":7,"column":34}},"2":{"start":{"line":8,"column":0},"end":{"line":8,"column":41}},"3":{"start":{"line":9,"column":0},"end":{"line":9,"column":48}}},"fnMap":{},"branchMap":{},"s":{"0":14,"1":14,"2":14,"3":14},"f":{},"b":{},"_coverageSchema":"1a1c01bbd47fc00a2c39e90264f33305004495a9","hash":"6d41c7f92fb1569e8a8e3438d7a69541296f7a88"}
,"C:\\Proyectos\\proyectobd2\\src\\utils\\esClient.js": {"path":"C:\\Proyectos\\proyectobd2\\src\\utils\\esClient.js","statementMap":{"0":{"start":{"line":3,"column":0},"end":{"line":3,"column":16}},"1":{"start":{"line":5,"column":24},"end":{"line":11,"column":2}}},"fnMap":{},"branchMap":{"0":{"loc":{"start":{"line":6,"column":8},"end":{"line":6,"column":62}},"type":"binary-expr","locations":[{"start":{"line":6,"column":8},"end":{"line":6,"column":31}},{"start":{"line":6,"column":35},"end":{"line":6,"column":62}}],"line":6}},"s":{"0":14,"1":14},"f":{},"b":{"0":[14,0]},"_coverageSchema":"1a1c01bbd47fc00a2c39e90264f33305004495a9","hash":"9a6a7670229443c5fd8d8662acbbef8c48fbd3e2"}
}
