{"C:\\Proyectos\\proyectobd2\\src\\app.js": {"path":"C:\\Proyectos\\proyectobd2\\src\\app.js","statementMap":{"0":{"start":{"line":4,"column":12},"end":{"line":4,"column":21}},"1":{"start":{"line":6,"column":0},"end":{"line":6,"column":24}},"2":{"start":{"line":7,"column":0},"end":{"line":7,"column":16}}},"fnMap":{},"branchMap":{},"s":{"0":1,"1":1,"2":1},"f":{},"b":{},"_coverageSchema":"1a1c01bbd47fc00a2c39e90264f33305004495a9","hash":"4a88dbdcb48eac09bfcd735c508d71cea7cebf02"}
,"C:\\Proyectos\\proyectobd2\\src\\routes.js": {"path":"C:\\Proyectos\\proyectobd2\\src\\routes.js","statementMap":{"0":{"start":{"line":5,"column":15},"end":{"line":5,"column":23}},"1":{"start":{"line":7,"column":0},"end":{"line":7,"column":32}}},"fnMap":{},"branchMap":{},"s":{"0":1,"1":1},"f":{},"b":{},"_coverageSchema":"1a1c01bbd47fc00a2c39e90264f33305004495a9","hash":"3c56f672f5bb0c388c01210b131532416b729b73"}
,"C:\\Proyectos\\proyectobd2\\src\\db\\index.js": {"path":"C:\\Proyectos\\proyectobd2\\src\\db\\index.js","statementMap":{"0":{"start":{"line":3,"column":0},"end":{"line":3,"column":16}},"1":{"start":{"line":7,"column":0},"end":{"line":25,"column":1}},"2":{"start":{"line":9,"column":2},"end":{"line":13,"column":5}},"3":{"start":{"line":16,"column":2},"end":{"line":24,"column":5}},"4":{"start":{"line":27,"column":22},"end":{"line":27,"column":52}},"5":{"start":{"line":27,"column":28},"end":{"line":27,"column":52}}},"fnMap":{"0":{"name":"(anonymous_0)","decl":{"start":{"line":27,"column":22},"end":{"line":27,"column":23}},"loc":{"start":{"line":27,"column":28},"end":{"line":27,"column":52}},"line":27}},"branchMap":{"0":{"loc":{"start":{"line":7,"column":0},"end":{"line":25,"column":1}},"type":"if","locations":[{"start":{"line":7,"column":0},"end":{"line":25,"column":1}},{"start":{"line":14,"column":7},"end":{"line":25,"column":1}}],"line":7}},"s":{"0":1,"1":1,"2":1,"3":0,"4":1,"5":0},"f":{"0":0},"b":{"0":[1,0]},"_coverageSchema":"1a1c01bbd47fc00a2c39e90264f33305004495a9","hash":"abfe594c69039bf71a00174457e63370f6893a90"}
,"C:\\Proyectos\\proyectobd2\\src\\modules\\users\\auth.controller.js": {"path":"C:\\Proyectos\\proyectobd2\\src\\modules\\users\\auth.controller.js","statementMap":{"0":{"start":{"line":4,"column":28},"end":{"line":35,"column":1}},"1":{"start":{"line":13,"column":36},"end":{"line":13,"column":44}},"2":{"start":{"line":15,"column":4},"end":{"line":18,"column":5}},"3":{"start":{"line":16,"column":8},"end":{"line":16,"column":75}},"4":{"start":{"line":20,"column":4},"end":{"line":34,"column":5}},"5":{"start":{"line":21,"column":31},"end":{"line":21,"column":62}},"6":{"start":{"line":23,"column":29},"end":{"line":23,"column":82}},"7":{"start":{"line":25,"column":8},"end":{"line":25,"column":79}},"8":{"start":{"line":29,"column":8},"end":{"line":31,"column":9}},"9":{"start":{"line":30,"column":12},"end":{"line":30,"column":73}},"10":{"start":{"line":32,"column":8},"end":{"line":32,"column":26}},"11":{"start":{"line":33,"column":8},"end":{"line":33,"column":78}}},"fnMap":{"0":{"name":"(anonymous_0)","decl":{"start":{"line":4,"column":28},"end":{"line":4,"column":29}},"loc":{"start":{"line":4,"column":48},"end":{"line":35,"column":1}},"line":4}},"branchMap":{"0":{"loc":{"start":{"line":15,"column":4},"end":{"line":18,"column":5}},"type":"if","locations":[{"start":{"line":15,"column":4},"end":{"line":18,"column":5}},{"start":{},"end":{}}],"line":15},"1":{"loc":{"start":{"line":15,"column":8},"end":{"line":15,"column":36}},"type":"binary-expr","locations":[{"start":{"line":15,"column":8},"end":{"line":15,"column":14}},{"start":{"line":15,"column":18},"end":{"line":15,"column":27}},{"start":{"line":15,"column":31},"end":{"line":15,"column":36}}],"line":15},"2":{"loc":{"start":{"line":29,"column":8},"end":{"line":31,"column":9}},"type":"if","locations":[{"start":{"line":29,"column":8},"end":{"line":31,"column":9}},{"start":{},"end":{}}],"line":29}},"s":{"0":1,"1":2,"2":2,"3":1,"4":1,"5":1,"6":1,"7":1,"8":0,"9":0,"10":0,"11":0},"f":{"0":2},"b":{"0":[1,1],"1":[2,1,1],"2":[0,0]},"_coverageSchema":"1a1c01bbd47fc00a2c39e90264f33305004495a9","hash":"1aa1e9877fe292b3cae3ad69357d2852baaa8766"}
,"C:\\Proyectos\\proyectobd2\\src\\modules\\users\\auth.routes.js": {"path":"C:\\Proyectos\\proyectobd2\\src\\modules\\users\\auth.routes.js","statementMap":{"0":{"start":{"line":4,"column":15},"end":{"line":4,"column":23}},"1":{"start":{"line":6,"column":0},"end":{"line":6,"column":39}}},"fnMap":{},"branchMap":{},"s":{"0":1,"1":1},"f":{},"b":{},"_coverageSchema":"1a1c01bbd47fc00a2c39e90264f33305004495a9","hash":"079b850b0cd9c44bfd98f330b592b9a24c377012"}
,"C:\\Proyectos\\proyectobd2\\src\\modules\\users\\users.model.js": {"path":"C:\\Proyectos\\proyectobd2\\src\\modules\\users\\users.model.js","statementMap":{"0":{"start":{"line":9,"column":20},"end":{"line":23,"column":2}}},"fnMap":{},"branchMap":{},"s":{"0":1},"f":{},"b":{},"_coverageSchema":"1a1c01bbd47fc00a2c39e90264f33305004495a9","hash":"951879adefb3c6838dabb0105cd01275be2b43f9"}
}
