TN:
SF:src\routes.js
FNF:0
FNH:0
DA:10,12
DA:12,12
DA:13,12
DA:14,12
DA:15,12
DA:16,12
DA:17,12
LF:7
LH:7
BRF:0
BRH:0
end_of_record
TN:
SF:src\middlewares\authJWT.js
FN:3,auth
FN:14,(anonymous_1)
FNF:2
FNH:2
FNDA:156,auth
FNDA:65,(anonymous_1)
DA:14,156
DA:15,65
DA:16,65
DA:17,4
DA:20,61
DA:22,61
DA:24,60
DA:25,7
DA:28,53
DA:29,53
DA:34,1
LF:11
LH:11
BRDA:16,0,0,4
BRDA:16,0,1,61
BRDA:24,1,0,7
BRDA:24,1,1,53
BRDA:24,2,0,60
BRDA:24,2,1,30
BRF:6
BRH:6
end_of_record
TN:
SF:src\modules\menus\menus.controller.js
FN:4,(anonymous_0)
FN:34,(anonymous_1)
FN:61,(anonymous_2)
FN:100,(anonymous_3)
FNF:4
FNH:4
FNDA:4,(anonymous_0)
FNDA:4,(anonymous_1)
FNDA:5,(anonymous_2)
FNDA:3,(anonymous_3)
DA:4,12
DA:6,4
DA:8,4
DA:9,1
DA:12,3
DA:13,3
DA:15,3
DA:16,1
DA:19,2
DA:20,1
DA:30,1
DA:34,12
DA:35,4
DA:37,4
DA:38,1
DA:41,3
DA:43,3
DA:50,2
DA:51,1
DA:54,1
DA:57,1
DA:61,12
DA:62,5
DA:63,5
DA:65,5
DA:66,5
DA:67,4
DA:68,1
DA:72,3
DA:73,2
DA:76,3
DA:77,2
DA:80,3
DA:81,3
DA:83,3
DA:93,1
DA:94,1
DA:100,12
DA:101,3
DA:103,3
DA:104,3
DA:105,2
DA:106,1
DA:109,1
DA:110,1
DA:112,1
LF:46
LH:46
BRDA:8,0,0,1
BRDA:8,0,1,3
BRDA:8,1,0,4
BRDA:8,1,1,3
BRDA:15,2,0,1
BRDA:15,2,1,2
BRDA:37,3,0,1
BRDA:37,3,1,3
BRDA:50,4,0,1
BRDA:50,4,1,1
BRDA:67,5,0,1
BRDA:67,5,1,3
BRDA:72,6,0,2
BRDA:72,6,1,1
BRDA:76,7,0,2
BRDA:76,7,1,1
BRDA:105,8,0,1
BRDA:105,8,1,1
BRF:18
BRH:18
end_of_record
TN:
SF:src\modules\menus\menus.model.js
FNF:0
FNH:0
DA:5,12
DA:25,12
DA:26,12
LF:3
LH:3
BRF:0
BRH:0
end_of_record
TN:
SF:src\modules\menus\menus.routes.js
FNF:0
FNH:0
DA:5,12
DA:7,12
DA:8,12
DA:9,12
DA:10,12
LF:5
LH:5
BRF:0
BRH:0
end_of_record
TN:
SF:src\modules\orders\orders.controller.js
FN:6,(anonymous_0)
FN:41,(anonymous_1)
FNF:2
FNH:2
FNDA:6,(anonymous_0)
FNDA:5,(anonymous_1)
DA:6,12
DA:8,6
DA:10,6
DA:11,1
DA:14,5
DA:15,5
DA:16,4
DA:17,1
DA:20,3
DA:21,3
DA:22,1
DA:25,2
DA:26,1
DA:31,1
DA:32,1
DA:35,1
DA:41,12
DA:43,5
DA:45,5
DA:47,5
DA:53,4
DA:54,1
DA:58,3
DA:59,1
DA:62,2
DA:65,1
LF:26
LH:26
BRDA:10,0,0,1
BRDA:10,0,1,5
BRDA:10,1,0,6
BRDA:10,1,1,5
BRDA:10,1,2,5
BRDA:16,2,0,1
BRDA:16,2,1,3
BRDA:21,3,0,1
BRDA:21,3,1,2
BRDA:25,4,0,1
BRDA:25,4,1,1
BRDA:53,5,0,1
BRDA:53,5,1,3
BRDA:58,6,0,1
BRDA:58,6,1,2
BRDA:58,7,0,3
BRDA:58,7,1,2
BRF:17
BRH:17
end_of_record
TN:
SF:src\modules\orders\orders.model.js
FNF:0
FNH:0
DA:7,12
DA:40,12
DA:41,12
DA:42,12
DA:43,12
DA:44,12
DA:45,12
LF:7
LH:7
BRF:0
BRH:0
end_of_record
TN:
SF:src\modules\orders\orders.routes.js
FNF:0
FNH:0
DA:5,12
DA:7,12
DA:8,12
LF:3
LH:3
BRF:0
BRH:0
end_of_record
TN:
SF:src\modules\reservations\reservations.controller.js
FN:5,(anonymous_0)
FN:28,(anonymous_1)
FNF:2
FNH:2
FNDA:4,(anonymous_0)
FNDA:5,(anonymous_1)
DA:5,12
DA:6,4
DA:8,4
DA:9,1
DA:12,3
DA:14,3
DA:15,2
DA:16,1
DA:19,1
DA:20,1
DA:23,1
DA:28,12
DA:29,5
DA:31,5
DA:32,5
DA:33,4
DA:34,1
DA:37,3
DA:38,1
DA:41,2
DA:42,2
DA:44,2
DA:46,1
LF:23
LH:23
BRDA:8,0,0,1
BRDA:8,0,1,3
BRDA:8,1,0,4
BRDA:8,1,1,4
BRDA:8,1,2,4
BRDA:8,1,3,4
BRDA:15,2,0,1
BRDA:15,2,1,1
BRDA:33,3,0,1
BRDA:33,3,1,3
BRDA:37,4,0,1
BRDA:37,4,1,2
BRDA:37,5,0,3
BRDA:37,5,1,3
BRF:14
BRH:14
end_of_record
TN:
SF:src\modules\reservations\reservations.model.js
FNF:0
FNH:0
DA:6,12
DA:37,12
DA:38,12
DA:39,12
DA:40,12
LF:5
LH:5
BRF:0
BRH:0
end_of_record
TN:
SF:src\modules\reservations\reservations.routes.js
FNF:0
FNH:0
DA:5,12
DA:7,12
DA:8,12
LF:3
LH:3
BRF:0
BRH:0
end_of_record
TN:
SF:src\modules\restaurants\restaurants.controller.js
FN:3,(anonymous_0)
FN:31,(anonymous_1)
FNF:2
FNH:2
FNDA:3,(anonymous_0)
FNDA:2,(anonymous_1)
DA:3,12
DA:5,3
DA:7,3
DA:8,1
DA:11,2
DA:13,2
DA:14,1
DA:25,1
DA:31,12
DA:32,2
DA:34,2
DA:35,1
DA:38,1
LF:13
LH:13
BRDA:7,0,0,1
BRDA:7,0,1,2
BRDA:7,1,0,3
BRDA:7,1,1,2
BRDA:7,1,2,2
BRF:5
BRH:5
end_of_record
TN:
SF:src\modules\restaurants\restaurants.model.js
FNF:0
FNH:0
DA:9,12
LF:1
LH:1
BRF:0
BRH:0
end_of_record
TN:
SF:src\modules\restaurants\restaurants.routes.js
FNF:0
FNH:0
DA:5,12
DA:7,12
DA:8,12
LF:3
LH:3
BRF:0
BRH:0
end_of_record
TN:
SF:src\modules\users\auth.controller.js
FN:5,(anonymous_0)
FN:39,(anonymous_1)
FNF:2
FNH:2
FNDA:6,(anonymous_0)
FNDA:7,(anonymous_1)
DA:5,12
DA:14,6
DA:16,6
DA:17,3
DA:22,3
DA:23,3
DA:25,3
DA:27,1
DA:31,2
DA:32,1
DA:34,1
DA:35,1
DA:39,12
DA:40,7
DA:42,7
DA:43,2
DA:46,5
DA:47,5
DA:48,4
DA:49,1
DA:52,3
DA:53,2
DA:54,1
DA:57,1
DA:58,1
DA:60,1
DA:62,2
LF:27
LH:27
BRDA:16,0,0,3
BRDA:16,0,1,3
BRDA:16,1,0,6
BRDA:16,1,1,5
BRDA:16,1,2,4
BRDA:31,2,0,1
BRDA:31,2,1,1
BRDA:42,3,0,2
BRDA:42,3,1,5
BRDA:42,4,0,7
BRDA:42,4,1,6
BRDA:48,5,0,1
BRDA:48,5,1,3
BRDA:53,6,0,1
BRDA:53,6,1,1
BRF:15
BRH:15
end_of_record
TN:
SF:src\modules\users\auth.routes.js
FNF:0
FNH:0
DA:5,12
DA:7,12
DA:8,12
LF:3
LH:3
BRF:0
BRH:0
end_of_record
TN:
SF:src\modules\users\users.controller.js
FN:5,(anonymous_0)
FN:21,(anonymous_1)
FN:70,(anonymous_2)
FNF:3
FNH:3
FNDA:3,(anonymous_0)
FNDA:7,(anonymous_1)
FNDA:3,(anonymous_2)
DA:5,12
DA:6,3
DA:8,3
DA:11,2
DA:12,1
DA:14,1
DA:16,1
DA:17,1
DA:21,12
DA:23,7
DA:24,7
DA:26,7
DA:27,7
DA:29,6
DA:30,1
DA:34,5
DA:35,1
DA:39,4
DA:40,2
DA:43,4
DA:44,1
DA:45,1
DA:48,4
DA:49,1
DA:52,4
DA:53,3
DA:54,3
DA:61,2
DA:62,1
DA:64,1
DA:65,1
DA:70,12
DA:71,3
DA:73,3
DA:74,3
DA:75,2
DA:76,1
DA:79,1
DA:80,1
DA:82,1
LF:40
LH:40
BRDA:11,0,0,1
BRDA:11,0,1,1
BRDA:29,1,0,1
BRDA:29,1,1,5
BRDA:34,2,0,1
BRDA:34,2,1,4
BRDA:34,3,0,5
BRDA:34,3,1,2
BRDA:39,4,0,2
BRDA:39,4,1,2
BRDA:43,5,0,1
BRDA:43,5,1,3
BRDA:48,6,0,1
BRDA:48,6,1,3
BRDA:61,7,0,1
BRDA:61,7,1,1
BRDA:75,8,0,1
BRDA:75,8,1,1
BRF:18
BRH:18
end_of_record
TN:
SF:src\modules\users\users.model.js
FNF:0
FNH:0
DA:9,12
LF:1
LH:1
BRF:0
BRH:0
end_of_record
TN:
SF:src\modules\users\users.routes.js
FNF:0
FNH:0
DA:5,12
DA:7,12
DA:8,12
DA:9,12
LF:4
LH:4
BRF:0
BRH:0
end_of_record
